<?xml version="1.0" encoding="UTF-8" ?>
<testsuite failures="0" time="0.061" errors="0" skipped="0" tests="1" name="me.tingri.hive.udaf.ConnectedComponentsTest">
  <properties>
    <property name="java.runtime.name" value="OpenJDK Runtime Environment"/>
    <property name="sun.boot.library.path" value="/usr/lib/jvm/java-7-openjdk-amd64/jre/lib/amd64"/>
    <property name="java.vm.version" value="24.65-b04"/>
    <property name="java.vm.vendor" value="Oracle Corporation"/>
    <property name="java.vendor.url" value="http://java.oracle.com/"/>
    <property name="path.separator" value=":"/>
    <property name="java.vm.name" value="OpenJDK 64-Bit Server VM"/>
    <property name="file.encoding.pkg" value="sun.io"/>
    <property name="user.country" value="US"/>
    <property name="sun.java.launcher" value="SUN_STANDARD"/>
    <property name="sun.os.patch.level" value="unknown"/>
    <property name="java.vm.specification.name" value="Java Virtual Machine Specification"/>
    <property name="user.dir" value="/home/sandeep/projects/big_data/udaf"/>
    <property name="java.runtime.version" value="1.7.0_65-b32"/>
    <property name="java.awt.graphicsenv" value="sun.awt.X11GraphicsEnvironment"/>
    <property name="basedir" value="/home/sandeep/projects/big_data/udaf"/>
    <property name="java.endorsed.dirs" value="/usr/lib/jvm/java-7-openjdk-amd64/jre/lib/endorsed"/>
    <property name="os.arch" value="amd64"/>
    <property name="surefire.real.class.path" value="/home/sandeep/projects/big_data/udaf/target/surefire/surefirebooter5624268528116839578.jar"/>
    <property name="java.io.tmpdir" value="/tmp"/>
    <property name="line.separator" value="
"/>
    <property name="java.vm.specification.vendor" value="Oracle Corporation"/>
    <property name="os.name" value="Linux"/>
    <property name="sun.jnu.encoding" value="UTF-8"/>
    <property name="java.library.path" value="/usr/java/packages/lib/amd64:/usr/lib/x86_64-linux-gnu/jni:/lib/x86_64-linux-gnu:/usr/lib/x86_64-linux-gnu:/usr/lib/jni:/lib:/usr/lib"/>
    <property name="surefire.test.class.path" value="/home/sandeep/projects/big_data/udaf/target/test-classes:/home/sandeep/projects/big_data/udaf/target/classes:/root/.m2/repository/org/apache/hadoop/hadoop-client/2.3.0-mr1-cdh5.1.2/hadoop-client-2.3.0-mr1-cdh5.1.2.jar:/root/.m2/repository/org/apache/hadoop/hadoop-common/2.3.0-cdh5.1.2/hadoop-common-2.3.0-cdh5.1.2.jar:/root/.m2/repository/org/apache/hadoop/hadoop-annotations/2.3.0-cdh5.1.2/hadoop-annotations-2.3.0-cdh5.1.2.jar:/usr/lib/jvm/java-7-openjdk-amd64/jre/../lib/tools.jar:/root/.m2/repository/com/google/guava/guava/11.0.2/guava-11.0.2.jar:/root/.m2/repository/org/apache/commons/commons-math3/3.1.1/commons-math3-3.1.1.jar:/root/.m2/repository/xmlenc/xmlenc/0.52/xmlenc-0.52.jar:/root/.m2/repository/commons-net/commons-net/3.1/commons-net-3.1.jar:/root/.m2/repository/commons-collections/commons-collections/3.2.1/commons-collections-3.2.1.jar:/root/.m2/repository/commons-el/commons-el/1.0/commons-el-1.0.jar:/root/.m2/repository/commons-lang/commons-lang/2.6/commons-lang-2.6.jar:/root/.m2/repository/commons-configuration/commons-configuration/1.6/commons-configuration-1.6.jar:/root/.m2/repository/commons-digester/commons-digester/1.8/commons-digester-1.8.jar:/root/.m2/repository/commons-beanutils/commons-beanutils/1.7.0/commons-beanutils-1.7.0.jar:/root/.m2/repository/commons-beanutils/commons-beanutils-core/1.8.0/commons-beanutils-core-1.8.0.jar:/root/.m2/repository/org/codehaus/jackson/jackson-core-asl/1.8.8/jackson-core-asl-1.8.8.jar:/root/.m2/repository/org/codehaus/jackson/jackson-mapper-asl/1.8.8/jackson-mapper-asl-1.8.8.jar:/root/.m2/repository/com/google/protobuf/protobuf-java/2.5.0/protobuf-java-2.5.0.jar:/root/.m2/repository/org/apache/hadoop/hadoop-auth/2.3.0-cdh5.1.2/hadoop-auth-2.3.0-cdh5.1.2.jar:/root/.m2/repository/org/apache/httpcomponents/httpclient/4.2.5/httpclient-4.2.5.jar:/root/.m2/repository/org/apache/directory/server/apacheds-kerberos-codec/2.0.0-M15/apacheds-kerberos-codec-2.0.0-M15.jar:/root/.m2/repository/org/apache/directory/server/apacheds-i18n/2.0.0-M15/apacheds-i18n-2.0.0-M15.jar:/root/.m2/repository/org/apache/directory/api/api-asn1-api/1.0.0-M20/api-asn1-api-1.0.0-M20.jar:/root/.m2/repository/org/apache/directory/api/api-util/1.0.0-M20/api-util-1.0.0-M20.jar:/root/.m2/repository/com/jcraft/jsch/0.1.42/jsch-0.1.42.jar:/root/.m2/repository/com/google/code/findbugs/jsr305/1.3.9/jsr305-1.3.9.jar:/root/.m2/repository/org/apache/hadoop/hadoop-hdfs/2.3.0-cdh5.1.2/hadoop-hdfs-2.3.0-cdh5.1.2.jar:/root/.m2/repository/com/sun/jersey/jersey-core/1.9/jersey-core-1.9.jar:/root/.m2/repository/com/sun/jersey/jersey-server/1.9/jersey-server-1.9.jar:/root/.m2/repository/asm/asm/3.1/asm-3.1.jar:/root/.m2/repository/commons-cli/commons-cli/1.2/commons-cli-1.2.jar:/root/.m2/repository/org/apache/hadoop/hadoop-core/2.3.0-mr1-cdh5.1.2/hadoop-core-2.3.0-mr1-cdh5.1.2.jar:/root/.m2/repository/hsqldb/hsqldb/1.8.0.10/hsqldb-1.8.0.10.jar:/root/.m2/repository/org/apache/hive/hive-exec/0.12.0-cdh5.1.2/hive-exec-0.12.0-cdh5.1.2.jar:/root/.m2/repository/org/apache/hive/hive-ant/0.12.0-cdh5.1.2/hive-ant-0.12.0-cdh5.1.2.jar:/root/.m2/repository/org/apache/velocity/velocity/1.5/velocity-1.5.jar:/root/.m2/repository/oro/oro/2.0.8/oro-2.0.8.jar:/root/.m2/repository/org/apache/hive/hive-metastore/0.12.0-cdh5.1.2/hive-metastore-0.12.0-cdh5.1.2.jar:/root/.m2/repository/org/apache/hive/hive-serde/0.12.0-cdh5.1.2/hive-serde-0.12.0-cdh5.1.2.jar:/root/.m2/repository/org/apache/hive/hive-common/0.12.0-cdh5.1.2/hive-common-0.12.0-cdh5.1.2.jar:/root/.m2/repository/com/jolbox/bonecp/0.7.1.RELEASE/bonecp-0.7.1.RELEASE.jar:/root/.m2/repository/org/apache/derby/derby/10.4.2.0/derby-10.4.2.0.jar:/root/.m2/repository/org/datanucleus/datanucleus-api-jdo/3.2.1/datanucleus-api-jdo-3.2.1.jar:/root/.m2/repository/org/datanucleus/datanucleus-rdbms/3.2.1/datanucleus-rdbms-3.2.1.jar:/root/.m2/repository/javax/jdo/jdo-api/3.0.1/jdo-api-3.0.1.jar:/root/.m2/repository/javax/transaction/jta/1.1/jta-1.1.jar:/root/.m2/repository/org/apache/thrift/libthrift/0.9.0.cloudera.2/libthrift-0.9.0.cloudera.2.jar:/root/.m2/repository/org/apache/httpcomponents/httpcore/4.1.3/httpcore-4.1.3.jar:/root/.m2/repository/org/apache/hive/hive-shims/0.12.0-cdh5.1.2/hive-shims-0.12.0-cdh5.1.2.jar:/root/.m2/repository/org/apache/hive/shims/hive-shims-common/0.12.0-cdh5.1.2/hive-shims-common-0.12.0-cdh5.1.2.jar:/root/.m2/repository/org/apache/hive/shims/hive-shims-common-secure/0.12.0-cdh5.1.2/hive-shims-common-secure-0.12.0-cdh5.1.2.jar:/root/.m2/repository/org/apache/hive/shims/hive-shims-0.23/0.12.0-cdh5.1.2/hive-shims-0.23-0.12.0-cdh5.1.2.jar:/root/.m2/repository/org/mortbay/jetty/jetty/6.1.26.cloudera.2/jetty-6.1.26.cloudera.2.jar:/root/.m2/repository/org/mortbay/jetty/jetty-util/6.1.26.cloudera.2/jetty-util-6.1.26.cloudera.2.jar:/root/.m2/repository/org/mortbay/jetty/servlet-api/2.5-20081211/servlet-api-2.5-20081211.jar:/root/.m2/repository/com/twitter/parquet-hadoop-bundle/1.2.5-cdh5.1.2/parquet-hadoop-bundle-1.2.5-cdh5.1.2.jar:/root/.m2/repository/commons-codec/commons-codec/1.4/commons-codec-1.4.jar:/root/.m2/repository/commons-logging/commons-logging/1.1.3/commons-logging-1.1.3.jar:/root/.m2/repository/log4j/log4j/1.2.16/log4j-1.2.16.jar:/root/.m2/repository/org/antlr/antlr-runtime/3.4/antlr-runtime-3.4.jar:/root/.m2/repository/org/antlr/stringtemplate/3.2.1/stringtemplate-3.2.1.jar:/root/.m2/repository/antlr/antlr/2.7.7/antlr-2.7.7.jar:/root/.m2/repository/org/antlr/ST4/4.0.4/ST4-4.0.4.jar:/root/.m2/repository/org/apache/avro/avro/1.7.5-cdh5.1.2/avro-1.7.5-cdh5.1.2.jar:/root/.m2/repository/com/thoughtworks/paranamer/paranamer/2.3/paranamer-2.3.jar:/root/.m2/repository/org/xerial/snappy/snappy-java/1.0.5/snappy-java-1.0.5.jar:/root/.m2/repository/org/apache/ant/ant/1.9.1/ant-1.9.1.jar:/root/.m2/repository/org/apache/ant/ant-launcher/1.9.1/ant-launcher-1.9.1.jar:/root/.m2/repository/org/apache/commons/commons-compress/1.4.1/commons-compress-1.4.1.jar:/root/.m2/repository/org/tukaani/xz/1.0/xz-1.0.jar:/root/.m2/repository/org/apache/thrift/libfb303/0.9.0/libfb303-0.9.0.jar:/root/.m2/repository/org/apache/zookeeper/zookeeper/3.4.5-cdh5.1.2/zookeeper-3.4.5-cdh5.1.2.jar:/root/.m2/repository/jline/jline/0.9.94/jline-0.9.94.jar:/root/.m2/repository/org/codehaus/groovy/groovy-all/2.1.6/groovy-all-2.1.6.jar:/root/.m2/repository/org/datanucleus/datanucleus-core/3.2.2/datanucleus-core-3.2.2.jar:/root/.m2/repository/stax/stax-api/1.0.1/stax-api-1.0.1.jar:/root/.m2/repository/org/slf4j/slf4j-api/1.7.5/slf4j-api-1.7.5.jar:/root/.m2/repository/org/slf4j/slf4j-log4j12/1.7.5/slf4j-log4j12-1.7.5.jar:/root/.m2/repository/commons-io/commons-io/1.3.2/commons-io-1.3.2.jar:/root/.m2/repository/commons-httpclient/commons-httpclient/3.1/commons-httpclient-3.1.jar:/root/.m2/repository/org/apache/hadoop/hadoop-test/2.3.0-mr1-cdh5.1.2/hadoop-test-2.3.0-mr1-cdh5.1.2.jar:/root/.m2/repository/org/apache/ftpserver/ftplet-api/1.0.0/ftplet-api-1.0.0.jar:/root/.m2/repository/org/apache/mina/mina-core/2.0.0-M5/mina-core-2.0.0-M5.jar:/root/.m2/repository/org/apache/ftpserver/ftpserver-core/1.0.0/ftpserver-core-1.0.0.jar:/root/.m2/repository/org/apache/ftpserver/ftpserver-deprecated/1.0.0-M2/ftpserver-deprecated-1.0.0-M2.jar:/root/.m2/repository/junit/junit/4.8.2/junit-4.8.2.jar:"/>
    <property name="java.specification.name" value="Java Platform API Specification"/>
    <property name="java.class.version" value="51.0"/>
    <property name="sun.management.compiler" value="HotSpot 64-Bit Tiered Compilers"/>
    <property name="os.version" value="3.16.0-6-generic"/>
    <property name="user.home" value="/root"/>
    <property name="user.timezone" value=""/>
    <property name="java.awt.printerjob" value="sun.print.PSPrinterJob"/>
    <property name="file.encoding" value="UTF-8"/>
    <property name="java.specification.version" value="1.7"/>
    <property name="user.name" value="root"/>
    <property name="java.class.path" value="/home/sandeep/projects/big_data/udaf/target/test-classes:/home/sandeep/projects/big_data/udaf/target/classes:/root/.m2/repository/org/apache/hadoop/hadoop-client/2.3.0-mr1-cdh5.1.2/hadoop-client-2.3.0-mr1-cdh5.1.2.jar:/root/.m2/repository/org/apache/hadoop/hadoop-common/2.3.0-cdh5.1.2/hadoop-common-2.3.0-cdh5.1.2.jar:/root/.m2/repository/org/apache/hadoop/hadoop-annotations/2.3.0-cdh5.1.2/hadoop-annotations-2.3.0-cdh5.1.2.jar:/usr/lib/jvm/java-7-openjdk-amd64/jre/../lib/tools.jar:/root/.m2/repository/com/google/guava/guava/11.0.2/guava-11.0.2.jar:/root/.m2/repository/org/apache/commons/commons-math3/3.1.1/commons-math3-3.1.1.jar:/root/.m2/repository/xmlenc/xmlenc/0.52/xmlenc-0.52.jar:/root/.m2/repository/commons-net/commons-net/3.1/commons-net-3.1.jar:/root/.m2/repository/commons-collections/commons-collections/3.2.1/commons-collections-3.2.1.jar:/root/.m2/repository/commons-el/commons-el/1.0/commons-el-1.0.jar:/root/.m2/repository/commons-lang/commons-lang/2.6/commons-lang-2.6.jar:/root/.m2/repository/commons-configuration/commons-configuration/1.6/commons-configuration-1.6.jar:/root/.m2/repository/commons-digester/commons-digester/1.8/commons-digester-1.8.jar:/root/.m2/repository/commons-beanutils/commons-beanutils/1.7.0/commons-beanutils-1.7.0.jar:/root/.m2/repository/commons-beanutils/commons-beanutils-core/1.8.0/commons-beanutils-core-1.8.0.jar:/root/.m2/repository/org/codehaus/jackson/jackson-core-asl/1.8.8/jackson-core-asl-1.8.8.jar:/root/.m2/repository/org/codehaus/jackson/jackson-mapper-asl/1.8.8/jackson-mapper-asl-1.8.8.jar:/root/.m2/repository/com/google/protobuf/protobuf-java/2.5.0/protobuf-java-2.5.0.jar:/root/.m2/repository/org/apache/hadoop/hadoop-auth/2.3.0-cdh5.1.2/hadoop-auth-2.3.0-cdh5.1.2.jar:/root/.m2/repository/org/apache/httpcomponents/httpclient/4.2.5/httpclient-4.2.5.jar:/root/.m2/repository/org/apache/directory/server/apacheds-kerberos-codec/2.0.0-M15/apacheds-kerberos-codec-2.0.0-M15.jar:/root/.m2/repository/org/apache/directory/server/apacheds-i18n/2.0.0-M15/apacheds-i18n-2.0.0-M15.jar:/root/.m2/repository/org/apache/directory/api/api-asn1-api/1.0.0-M20/api-asn1-api-1.0.0-M20.jar:/root/.m2/repository/org/apache/directory/api/api-util/1.0.0-M20/api-util-1.0.0-M20.jar:/root/.m2/repository/com/jcraft/jsch/0.1.42/jsch-0.1.42.jar:/root/.m2/repository/com/google/code/findbugs/jsr305/1.3.9/jsr305-1.3.9.jar:/root/.m2/repository/org/apache/hadoop/hadoop-hdfs/2.3.0-cdh5.1.2/hadoop-hdfs-2.3.0-cdh5.1.2.jar:/root/.m2/repository/com/sun/jersey/jersey-core/1.9/jersey-core-1.9.jar:/root/.m2/repository/com/sun/jersey/jersey-server/1.9/jersey-server-1.9.jar:/root/.m2/repository/asm/asm/3.1/asm-3.1.jar:/root/.m2/repository/commons-cli/commons-cli/1.2/commons-cli-1.2.jar:/root/.m2/repository/org/apache/hadoop/hadoop-core/2.3.0-mr1-cdh5.1.2/hadoop-core-2.3.0-mr1-cdh5.1.2.jar:/root/.m2/repository/hsqldb/hsqldb/1.8.0.10/hsqldb-1.8.0.10.jar:/root/.m2/repository/org/apache/hive/hive-exec/0.12.0-cdh5.1.2/hive-exec-0.12.0-cdh5.1.2.jar:/root/.m2/repository/org/apache/hive/hive-ant/0.12.0-cdh5.1.2/hive-ant-0.12.0-cdh5.1.2.jar:/root/.m2/repository/org/apache/velocity/velocity/1.5/velocity-1.5.jar:/root/.m2/repository/oro/oro/2.0.8/oro-2.0.8.jar:/root/.m2/repository/org/apache/hive/hive-metastore/0.12.0-cdh5.1.2/hive-metastore-0.12.0-cdh5.1.2.jar:/root/.m2/repository/org/apache/hive/hive-serde/0.12.0-cdh5.1.2/hive-serde-0.12.0-cdh5.1.2.jar:/root/.m2/repository/org/apache/hive/hive-common/0.12.0-cdh5.1.2/hive-common-0.12.0-cdh5.1.2.jar:/root/.m2/repository/com/jolbox/bonecp/0.7.1.RELEASE/bonecp-0.7.1.RELEASE.jar:/root/.m2/repository/org/apache/derby/derby/10.4.2.0/derby-10.4.2.0.jar:/root/.m2/repository/org/datanucleus/datanucleus-api-jdo/3.2.1/datanucleus-api-jdo-3.2.1.jar:/root/.m2/repository/org/datanucleus/datanucleus-rdbms/3.2.1/datanucleus-rdbms-3.2.1.jar:/root/.m2/repository/javax/jdo/jdo-api/3.0.1/jdo-api-3.0.1.jar:/root/.m2/repository/javax/transaction/jta/1.1/jta-1.1.jar:/root/.m2/repository/org/apache/thrift/libthrift/0.9.0.cloudera.2/libthrift-0.9.0.cloudera.2.jar:/root/.m2/repository/org/apache/httpcomponents/httpcore/4.1.3/httpcore-4.1.3.jar:/root/.m2/repository/org/apache/hive/hive-shims/0.12.0-cdh5.1.2/hive-shims-0.12.0-cdh5.1.2.jar:/root/.m2/repository/org/apache/hive/shims/hive-shims-common/0.12.0-cdh5.1.2/hive-shims-common-0.12.0-cdh5.1.2.jar:/root/.m2/repository/org/apache/hive/shims/hive-shims-common-secure/0.12.0-cdh5.1.2/hive-shims-common-secure-0.12.0-cdh5.1.2.jar:/root/.m2/repository/org/apache/hive/shims/hive-shims-0.23/0.12.0-cdh5.1.2/hive-shims-0.23-0.12.0-cdh5.1.2.jar:/root/.m2/repository/org/mortbay/jetty/jetty/6.1.26.cloudera.2/jetty-6.1.26.cloudera.2.jar:/root/.m2/repository/org/mortbay/jetty/jetty-util/6.1.26.cloudera.2/jetty-util-6.1.26.cloudera.2.jar:/root/.m2/repository/org/mortbay/jetty/servlet-api/2.5-20081211/servlet-api-2.5-20081211.jar:/root/.m2/repository/com/twitter/parquet-hadoop-bundle/1.2.5-cdh5.1.2/parquet-hadoop-bundle-1.2.5-cdh5.1.2.jar:/root/.m2/repository/commons-codec/commons-codec/1.4/commons-codec-1.4.jar:/root/.m2/repository/commons-logging/commons-logging/1.1.3/commons-logging-1.1.3.jar:/root/.m2/repository/log4j/log4j/1.2.16/log4j-1.2.16.jar:/root/.m2/repository/org/antlr/antlr-runtime/3.4/antlr-runtime-3.4.jar:/root/.m2/repository/org/antlr/stringtemplate/3.2.1/stringtemplate-3.2.1.jar:/root/.m2/repository/antlr/antlr/2.7.7/antlr-2.7.7.jar:/root/.m2/repository/org/antlr/ST4/4.0.4/ST4-4.0.4.jar:/root/.m2/repository/org/apache/avro/avro/1.7.5-cdh5.1.2/avro-1.7.5-cdh5.1.2.jar:/root/.m2/repository/com/thoughtworks/paranamer/paranamer/2.3/paranamer-2.3.jar:/root/.m2/repository/org/xerial/snappy/snappy-java/1.0.5/snappy-java-1.0.5.jar:/root/.m2/repository/org/apache/ant/ant/1.9.1/ant-1.9.1.jar:/root/.m2/repository/org/apache/ant/ant-launcher/1.9.1/ant-launcher-1.9.1.jar:/root/.m2/repository/org/apache/commons/commons-compress/1.4.1/commons-compress-1.4.1.jar:/root/.m2/repository/org/tukaani/xz/1.0/xz-1.0.jar:/root/.m2/repository/org/apache/thrift/libfb303/0.9.0/libfb303-0.9.0.jar:/root/.m2/repository/org/apache/zookeeper/zookeeper/3.4.5-cdh5.1.2/zookeeper-3.4.5-cdh5.1.2.jar:/root/.m2/repository/jline/jline/0.9.94/jline-0.9.94.jar:/root/.m2/repository/org/codehaus/groovy/groovy-all/2.1.6/groovy-all-2.1.6.jar:/root/.m2/repository/org/datanucleus/datanucleus-core/3.2.2/datanucleus-core-3.2.2.jar:/root/.m2/repository/stax/stax-api/1.0.1/stax-api-1.0.1.jar:/root/.m2/repository/org/slf4j/slf4j-api/1.7.5/slf4j-api-1.7.5.jar:/root/.m2/repository/org/slf4j/slf4j-log4j12/1.7.5/slf4j-log4j12-1.7.5.jar:/root/.m2/repository/commons-io/commons-io/1.3.2/commons-io-1.3.2.jar:/root/.m2/repository/commons-httpclient/commons-httpclient/3.1/commons-httpclient-3.1.jar:/root/.m2/repository/org/apache/hadoop/hadoop-test/2.3.0-mr1-cdh5.1.2/hadoop-test-2.3.0-mr1-cdh5.1.2.jar:/root/.m2/repository/org/apache/ftpserver/ftplet-api/1.0.0/ftplet-api-1.0.0.jar:/root/.m2/repository/org/apache/mina/mina-core/2.0.0-M5/mina-core-2.0.0-M5.jar:/root/.m2/repository/org/apache/ftpserver/ftpserver-core/1.0.0/ftpserver-core-1.0.0.jar:/root/.m2/repository/org/apache/ftpserver/ftpserver-deprecated/1.0.0-M2/ftpserver-deprecated-1.0.0-M2.jar:/root/.m2/repository/junit/junit/4.8.2/junit-4.8.2.jar:"/>
    <property name="java.vm.specification.version" value="1.7"/>
    <property name="sun.arch.data.model" value="64"/>
    <property name="java.home" value="/usr/lib/jvm/java-7-openjdk-amd64/jre"/>
    <property name="sun.java.command" value="/home/sandeep/projects/big_data/udaf/target/surefire/surefirebooter5624268528116839578.jar /home/sandeep/projects/big_data/udaf/target/surefire/surefire4806497876132516154tmp /home/sandeep/projects/big_data/udaf/target/surefire/surefire343973674330154901tmp"/>
    <property name="java.specification.vendor" value="Oracle Corporation"/>
    <property name="user.language" value="en"/>
    <property name="awt.toolkit" value="sun.awt.X11.XToolkit"/>
    <property name="java.vm.info" value="mixed mode"/>
    <property name="java.version" value="1.7.0_65"/>
    <property name="java.ext.dirs" value="/usr/lib/jvm/java-7-openjdk-amd64/jre/lib/ext:/usr/java/packages/lib/ext"/>
    <property name="sun.boot.class.path" value="/usr/lib/jvm/java-7-openjdk-amd64/jre/lib/resources.jar:/usr/lib/jvm/java-7-openjdk-amd64/jre/lib/rt.jar:/usr/lib/jvm/java-7-openjdk-amd64/jre/lib/sunrsasign.jar:/usr/lib/jvm/java-7-openjdk-amd64/jre/lib/jsse.jar:/usr/lib/jvm/java-7-openjdk-amd64/jre/lib/jce.jar:/usr/lib/jvm/java-7-openjdk-amd64/jre/lib/charsets.jar:/usr/lib/jvm/java-7-openjdk-amd64/jre/lib/rhino.jar:/usr/lib/jvm/java-7-openjdk-amd64/jre/lib/jfr.jar:/usr/lib/jvm/java-7-openjdk-amd64/jre/classes"/>
    <property name="java.vendor" value="Oracle Corporation"/>
    <property name="localRepository" value="/root/.m2/repository"/>
    <property name="file.separator" value="/"/>
    <property name="java.vendor.url.bug" value="http://bugreport.sun.com/bugreport/"/>
    <property name="sun.cpu.endian" value="little"/>
    <property name="sun.io.unicode.encoding" value="UnicodeLittle"/>
    <property name="sun.cpu.isalist" value=""/>
  </properties>
  <testcase time="0.006" classname="me.tingri.hive.udaf.ConnectedComponentsTest" name="testSetOfSets"/>
</testsuite>